<?xml version="1.0" encoding="UTF-8"?>
<!-- Generated by org.testng.reporters.JUnitReportReporter -->
<testsuite skipped="0" hostname="DESKTOP-DC8J6R5" name="searchTests.TestSearch" tests="1" failures="0" timestamp="2021-09-20T16:26:58 ART" time="37.266" errors="0">
  <testcase name="searchPlaystation" time="37.266" classname="searchTests.TestSearch"/>
  <system-out/>
</testsuite> <!-- searchTests.TestSearch -->
