<?xml version="1.0" encoding="UTF-8"?>
<!-- Generated by org.testng.reporters.JUnitReportReporter -->
<testsuite skipped="0" hostname="DESKTOP-DC8J6R5" name="searchTests.TestSearch" tests="1" failures="0" timestamp="2021-09-16T14:54:55 ART" time="43.823" errors="0">
  <testcase name="searchPlaystation" time="43.823" classname="searchTests.TestSearch"/>
  <system-out/>
</testsuite> <!-- searchTests.TestSearch -->
